<?xml version="1.0" encoding="UTF-8"?>
<coverage generated="1677154668423" clover="3.2.0">
  <project timestamp="1677154668423" name="All files">
    <metrics statements="15" coveredstatements="10" conditionals="0" coveredconditionals="0" methods="7" coveredmethods="5" elements="22" coveredelements="15" complexity="0" loc="15" ncloc="15" packages="1" files="2" classes="2"/>
    <file name="asyncfunc.js" path="C:\BufferZero\Advance Java\src\asyncfunc.js">
      <metrics statements="9" coveredstatements="4" conditionals="0" coveredconditionals="0" methods="4" coveredmethods="2"/>
      <line num="1" count="1" type="stmt"/>
      <line num="2" count="2" type="stmt"/>
      <line num="3" count="2" type="stmt"/>
      <line num="4" count="0" type="stmt"/>
      <line num="5" count="0" type="stmt"/>
      <line num="7" count="0" type="stmt"/>
      <line num="12" count="1" type="stmt"/>
      <line num="13" count="0" type="stmt"/>
      <line num="17" count="0" type="stmt"/>
    </file>
    <file name="todoListItem.jsx" path="C:\BufferZero\Advance Java\src\todoListItem.jsx">
      <metrics statements="6" coveredstatements="6" conditionals="0" coveredconditionals="0" methods="3" coveredmethods="3"/>
      <line num="8" count="5" type="stmt"/>
      <line num="9" count="5" type="stmt"/>
      <line num="21" count="1" type="stmt"/>
      <line num="29" count="1" type="stmt"/>
      <line num="34" count="1" type="stmt"/>
      <line num="57" count="1" type="stmt"/>
    </file>
  </project>
</coverage>
