{"C:\\BufferZero\\Advance Java\\src\\asyncfunc.js": {"path":"C:\\BufferZero\\Advance Java\\src\\asyncfunc.js","statementMap":{"0":{"start":{"line":1,"column":20},"end":{"line":10,"column":2}},"1":{"start":{"line":2,"column":0},"end":{"line":10,"column":2}},"2":{"start":{"line":3,"column":4},"end":{"line":9,"column":13}},"3":{"start":{"line":4,"column":8},"end":{"line":8,"column":9}},"4":{"start":{"line":5,"column":12},"end":{"line":5,"column":28}},"5":{"start":{"line":7,"column":11},"end":{"line":7,"column":25}},"6":{"start":{"line":12,"column":25},"end":{"line":18,"column":1}},"7":{"start":{"line":13,"column":12},"end":{"line":15,"column":5}},"8":{"start":{"line":17,"column":4},"end":{"line":17,"column":15}}},"fnMap":{"0":{"name":"(anonymous_0)","decl":{"start":{"line":1,"column":20},"end":{"line":1,"column":21}},"loc":{"start":{"line":2,"column":0},"end":{"line":10,"column":2}},"line":2},"1":{"name":"(anonymous_1)","decl":{"start":{"line":2,"column":12},"end":{"line":2,"column":13}},"loc":{"start":{"line":2,"column":31},"end":{"line":10,"column":1}},"line":2},"2":{"name":"(anonymous_2)","decl":{"start":{"line":3,"column":15},"end":{"line":3,"column":16}},"loc":{"start":{"line":3,"column":21},"end":{"line":9,"column":5}},"line":3},"3":{"name":"(anonymous_3)","decl":{"start":{"line":12,"column":25},"end":{"line":12,"column":26}},"loc":{"start":{"line":12,"column":36},"end":{"line":18,"column":1}},"line":12}},"branchMap":{},"s":{"0":1,"1":2,"2":2,"3":0,"4":0,"5":0,"6":1,"7":0,"8":0},"f":{"0":2,"1":2,"2":0,"3":0},"b":{},"_coverageSchema":"1a1c01bbd47fc00a2c39e90264f33305004495a9","hash":"5ff128f97159c88ee37a6ab98fbf1504afed1344"}
,"C:\\BufferZero\\Advance Java\\src\\todoListItem.jsx": {"path":"C:\\BufferZero\\Advance Java\\src\\todoListItem.jsx","statementMap":{"0":{"start":{"line":8,"column":4},"end":{"line":8,"column":35}},"1":{"start":{"line":9,"column":4},"end":{"line":32,"column":5}},"2":{"start":{"line":21,"column":32},"end":{"line":21,"column":48}},"3":{"start":{"line":29,"column":16},"end":{"line":29,"column":32}},"4":{"start":{"line":34,"column":0},"end":{"line":56,"column":1}},"5":{"start":{"line":57,"column":0},"end":{"line":60,"column":1}}},"fnMap":{"0":{"name":"TodoListItem","decl":{"start":{"line":7,"column":9},"end":{"line":7,"column":21}},"loc":{"start":{"line":7,"column":90},"end":{"line":33,"column":1}},"line":7},"1":{"name":"(anonymous_1)","decl":{"start":{"line":21,"column":26},"end":{"line":21,"column":27}},"loc":{"start":{"line":21,"column":32},"end":{"line":21,"column":48}},"line":21},"2":{"name":"(anonymous_2)","decl":{"start":{"line":28,"column":139},"end":{"line":28,"column":140}},"loc":{"start":{"line":29,"column":16},"end":{"line":29,"column":32}},"line":29}},"branchMap":{},"s":{"0":5,"1":5,"2":1,"3":1,"4":1,"5":1},"f":{"0":5,"1":1,"2":1},"b":{},"_coverageSchema":"1a1c01bbd47fc00a2c39e90264f33305004495a9","hash":"d4f7c9acf091464201fc13759674d8183b531516"}
}
