TN:
SF:src\asyncfunc.js
FN:1,(anonymous_0)
FN:2,(anonymous_1)
FN:3,(anonymous_2)
FN:12,(anonymous_3)
FNF:4
FNH:2
FNDA:2,(anonymous_0)
FNDA:2,(anonymous_1)
FNDA:0,(anonymous_2)
FNDA:0,(anonymous_3)
DA:1,1
DA:2,2
DA:3,2
DA:4,0
DA:5,0
DA:7,0
DA:12,1
DA:13,0
DA:17,0
LF:9
LH:4
BRF:0
BRH:0
end_of_record
TN:
SF:src\todoListItem.jsx
FN:7,TodoListItem
FN:21,(anonymous_1)
FN:28,(anonymous_2)
FNF:3
FNH:3
FNDA:5,TodoListItem
FNDA:1,(anonymous_1)
FNDA:1,(anonymous_2)
DA:8,5
DA:9,5
DA:21,1
DA:29,1
DA:34,1
DA:57,1
LF:6
LH:6
BRF:0
BRH:0
end_of_record
